DB ALREADY EXISTENT
DB ALREADY EXISTENT
CREATE TABLE IF NOT EXISTS Pukemon(id INT(11) UNSIGNED PRIMARY KEY AUTO_INCREMENT, name VARCHAR(256)  NOT NULL UNIQUE , hitpoints INT(11) UNSIGNED NOT NULL  , armor INT(11) UNSIGNED NOT NULL  , attack INT(11) UNSIGNED NOT NULL  )
CREATE TABLE IF NOT EXISTS Moves(id INT(11) UNSIGNED PRIMARY KEY AUTO_INCREMENT, name VARCHAR(256)  NOT NULL UNIQUE , damage INT(11) UNSIGNED NOT NULL  , accuracy INT(11) UNSIGNED NOT NULL  , velocity INT(11) UNSIGNED NOT NULL  , probabilityToSufferEffect INT(11) UNSIGNED NOT NULL  , effect VARCHAR(256)  NOT NULL  )
CREATE TABLE IF NOT EXISTS Pukemon_Moves(id INT(11) UNSIGNED PRIMARY KEY AUTO_INCREMENT, pname VARCHAR(256)  NOT NULL  , mname VARCHAR(256)  NOT NULL  )
CREATE TABLE IF NOT EXISTS Effects(id INT(11) UNSIGNED PRIMARY KEY AUTO_INCREMENT, type VARCHAR(256)  NOT NULL UNIQUE )
ALTER TABLE Pukemon_Moves ADD CONSTRAINT FK_Pukemon_Moves_Pukemon FOREIGN KEY (pname) REFERENCES Pukemon(name) ON DELETE CASCADE
ALTER TABLE Pukemon_Moves ADD CONSTRAINT FK_Pukemon_Moves_Moves FOREIGN KEY (mname) REFERENCES Moves(name) ON DELETE CASCADE
ALTER TABLE Moves ADD CONSTRAINT FK_Moves_Effects FOREIGN KEY (effect) REFERENCES Effects(type) ON DELETE CASCADE
INSERT INTO Pukemon(Pukemon.name, hitpoints, armor, attack) VALUES("Pukachu", 75, 1, 20) ON DUPLICATE KEY UPDATE Pukemon.name = VALUES(Pukemon.name), Pukemon.hitpoints = VALUES(Pukemon.hitpoints), Pukemon.armor = VALUES(Pukemon.armor), Pukemon.attack = VALUES(Pukemon.attack)
INSERT INTO Pukemon(Pukemon.name, hitpoints, armor, attack) VALUES("Snurlax", 200, 2, 5) ON DUPLICATE KEY UPDATE Pukemon.name = VALUES(Pukemon.name), Pukemon.hitpoints = VALUES(Pukemon.hitpoints), Pukemon.armor = VALUES(Pukemon.armor), Pukemon.attack = VALUES(Pukemon.attack)
INSERT INTO Moves(Moves.name, damage, accuracy, velocity, probabilityToSufferEffect, effect) VALUES("BodySlam", 100, 80, 50, 0, "NONE") ON DUPLICATE KEY UPDATE Moves.name = VALUES(Moves.name), Moves.damage = VALUES(Moves.damage), Moves.accuracy = VALUES(Moves.accuracy), Moves.velocity = VALUES(Moves.velocity), Moves.probabilityToSufferEffect = VALUES(Moves.probabilityToSufferEffect), Moves.effect = VALUES(Moves.effect)
INSERT INTO Moves(Moves.name, damage, accuracy, velocity, probabilityToSufferEffect, effect) VALUES("Crunch", 80, 100, 60, 0, "NONE") ON DUPLICATE KEY UPDATE Moves.name = VALUES(Moves.name), Moves.damage = VALUES(Moves.damage), Moves.accuracy = VALUES(Moves.accuracy), Moves.velocity = VALUES(Moves.velocity), Moves.probabilityToSufferEffect = VALUES(Moves.probabilityToSufferEffect), Moves.effect = VALUES(Moves.effect)
INSERT INTO Moves(Moves.name, damage, accuracy, velocity, probabilityToSufferEffect, effect) VALUES("RapidAttack", 30, 100, 200, 0, "NONE") ON DUPLICATE KEY UPDATE Moves.name = VALUES(Moves.name), Moves.damage = VALUES(Moves.damage), Moves.accuracy = VALUES(Moves.accuracy), Moves.velocity = VALUES(Moves.velocity), Moves.probabilityToSufferEffect = VALUES(Moves.probabilityToSufferEffect), Moves.effect = VALUES(Moves.effect)
INSERT INTO Moves(Moves.name, damage, accuracy, velocity, probabilityToSufferEffect, effect) VALUES("Slam", 70, 75, 100, 0, "NONE") ON DUPLICATE KEY UPDATE Moves.name = VALUES(Moves.name), Moves.damage = VALUES(Moves.damage), Moves.accuracy = VALUES(Moves.accuracy), Moves.velocity = VALUES(Moves.velocity), Moves.probabilityToSufferEffect = VALUES(Moves.probabilityToSufferEffect), Moves.effect = VALUES(Moves.effect)
INSERT INTO Moves(Moves.name, damage, accuracy, velocity, probabilityToSufferEffect, effect) VALUES("SuperPower", 120, 70, 40, 0, "NONE") ON DUPLICATE KEY UPDATE Moves.name = VALUES(Moves.name), Moves.damage = VALUES(Moves.damage), Moves.accuracy = VALUES(Moves.accuracy), Moves.velocity = VALUES(Moves.velocity), Moves.probabilityToSufferEffect = VALUES(Moves.probabilityToSufferEffect), Moves.effect = VALUES(Moves.effect)
INSERT INTO Moves(Moves.name, damage, accuracy, velocity, probabilityToSufferEffect, effect) VALUES("Tackle", 40, 100, 80, 0, "NONE") ON DUPLICATE KEY UPDATE Moves.name = VALUES(Moves.name), Moves.damage = VALUES(Moves.damage), Moves.accuracy = VALUES(Moves.accuracy), Moves.velocity = VALUES(Moves.velocity), Moves.probabilityToSufferEffect = VALUES(Moves.probabilityToSufferEffect), Moves.effect = VALUES(Moves.effect)
INSERT INTO Moves(Moves.name, damage, accuracy, velocity, probabilityToSufferEffect, effect) VALUES("Thunder", 200, 60, 50, 30, "PARALYZE") ON DUPLICATE KEY UPDATE Moves.name = VALUES(Moves.name), Moves.damage = VALUES(Moves.damage), Moves.accuracy = VALUES(Moves.accuracy), Moves.velocity = VALUES(Moves.velocity), Moves.probabilityToSufferEffect = VALUES(Moves.probabilityToSufferEffect), Moves.effect = VALUES(Moves.effect)
INSERT INTO Moves(Moves.name, damage, accuracy, velocity, probabilityToSufferEffect, effect) VALUES("Thunderbolt", 120, 100, 100, 20, "PARALYZE") ON DUPLICATE KEY UPDATE Moves.name = VALUES(Moves.name), Moves.damage = VALUES(Moves.damage), Moves.accuracy = VALUES(Moves.accuracy), Moves.velocity = VALUES(Moves.velocity), Moves.probabilityToSufferEffect = VALUES(Moves.probabilityToSufferEffect), Moves.effect = VALUES(Moves.effect)
INSERT INTO Pukemon_Moves(Pukemon_Moves.pname, mname) VALUES("Pukachu", "RapidAttack") ON DUPLICATE KEY UPDATE Pukemon_Moves.pname = VALUES(Pukemon_Moves.pname), Pukemon_Moves.mname = VALUES(Pukemon_Moves.mname)
INSERT INTO Pukemon_Moves(Pukemon_Moves.pname, mname) VALUES("Snurlax", "Tackle") ON DUPLICATE KEY UPDATE Pukemon_Moves.pname = VALUES(Pukemon_Moves.pname), Pukemon_Moves.mname = VALUES(Pukemon_Moves.mname)
BENVENUTO ALLA LEGA PUKEMON, STRONZO
SCEGLI LA TUA MOSSA, STRONZO
ELENCO MOSSE:
